0 info it worked if it ends with ok
1 verbose cli [ 'C:\\Program Files\\nodejs\\node.exe',
1 verbose cli   'C:\\Users\\tdelgado\\AppData\\Roaming\\npm\\node_modules\\npm\\bin\\npm-cli.js',
1 verbose cli   'start' ]
2 info using npm@3.10.6
3 info using node@v4.5.0
4 verbose run-script [ 'prestart', 'start', 'poststart' ]
5 info lifecycle todo-backend-client@1.0.0~prestart: todo-backend-client@1.0.0
6 silly lifecycle todo-backend-client@1.0.0~prestart: no script for prestart, continuing
7 info lifecycle todo-backend-client@1.0.0~start: todo-backend-client@1.0.0
8 verbose lifecycle todo-backend-client@1.0.0~start: unsafe-perm in lifecycle true
9 verbose lifecycle todo-backend-client@1.0.0~start: PATH: C:\Users\tdelgado\AppData\Roaming\npm\node_modules\npm\bin\node-gyp-bin;C:\Users\tdelgado\source\cd-docker-ansible\todobackend-client\node_modules\.bin;C:\Users\tdelgado\AppData\Roaming\npm;C:\Program Files\nodejs\;C:\Program Files (x86)\Microsoft Visual Studio 14.0\Common7\IDE\Extensions\Microsoft\Windows Azure Tools\Docker\;C:\ProgramData\Oracle\Java\javapath;C:\windows\system32;C:\windows;C:\windows\System32\Wbem;C:\Program Files (x86)\Enterprise Vault\EVClient\;C:\windows\System32\WindowsPowerShell\v1.0\;C:\windows\System32\WindowsPowerShell\v1.0\;C:\Program Files (x86)\Windows Kits\8.1\Windows Performance Toolkit\;C:\Program Files\Microsoft SQL Server\110\Tools\Binn\;C:\Program Files (x86)\Microsoft SDKs\TypeScript\1.0\;C:\Program Files\Microsoft SQL Server\120\Tools\Binn\;C:\Program Files\Microsoft\Web Platform Installer\;C:\Program Files (x86)\Microsoft ASP.NET\ASP.NET Web Pages\v1.0\;C:\Program Files\Microsoft SQL Server\130\Tools\Binn\;C:\Program Files\dotnet\;C:\Program Files\Git\cmd;C:\Program Files (x86)\PuTTY\;C:\Program Files\Amazon\AWSCLI\;C:\Program Files\nodejs\;C:\Python\Python35-32\Scripts\;C:\Python\Python35-32\;C:\Users\tdelgado\.dnx\bin;C:\Program Files\Docker Toolbox;C:\Program Files (x86)\Microsoft VS Code\bin;C:\Users\tdelgado\AppData\Roaming\npm
10 verbose lifecycle todo-backend-client@1.0.0~start: CWD: C:\Users\tdelgado\source\cd-docker-ansible\todobackend-client
11 silly lifecycle todo-backend-client@1.0.0~start: Args: [ '/d /s /c',
11 silly lifecycle   'open index.html || sensible-browser index.html || xdg-open index.html' ]
12 silly lifecycle todo-backend-client@1.0.0~start: Returned: code: 1  signal: null
13 info lifecycle todo-backend-client@1.0.0~start: Failed to exec start script
14 verbose stack Error: todo-backend-client@1.0.0 start: `open index.html || sensible-browser index.html || xdg-open index.html`
14 verbose stack Exit status 1
14 verbose stack     at EventEmitter.<anonymous> (C:\Users\tdelgado\AppData\Roaming\npm\node_modules\npm\lib\utils\lifecycle.js:255:16)
14 verbose stack     at emitTwo (events.js:87:13)
14 verbose stack     at EventEmitter.emit (events.js:172:7)
14 verbose stack     at ChildProcess.<anonymous> (C:\Users\tdelgado\AppData\Roaming\npm\node_modules\npm\lib\utils\spawn.js:40:14)
14 verbose stack     at emitTwo (events.js:87:13)
14 verbose stack     at ChildProcess.emit (events.js:172:7)
14 verbose stack     at maybeClose (internal/child_process.js:829:16)
14 verbose stack     at Process.ChildProcess._handle.onexit (internal/child_process.js:211:5)
15 verbose pkgid todo-backend-client@1.0.0
16 verbose cwd C:\Users\tdelgado\source\cd-docker-ansible\todobackend-client
17 error Windows_NT 6.1.7601
18 error argv "C:\\Program Files\\nodejs\\node.exe" "C:\\Users\\tdelgado\\AppData\\Roaming\\npm\\node_modules\\npm\\bin\\npm-cli.js" "start"
19 error node v4.5.0
20 error npm  v3.10.6
21 error code ELIFECYCLE
22 error todo-backend-client@1.0.0 start: `open index.html || sensible-browser index.html || xdg-open index.html`
22 error Exit status 1
23 error Failed at the todo-backend-client@1.0.0 start script 'open index.html || sensible-browser index.html || xdg-open index.html'.
23 error Make sure you have the latest version of node.js and npm installed.
23 error If you do, this is most likely a problem with the todo-backend-client package,
23 error not with npm itself.
23 error Tell the author that this fails on your system:
23 error     open index.html || sensible-browser index.html || xdg-open index.html
23 error You can get information on how to open an issue for this project with:
23 error     npm bugs todo-backend-client
23 error Or if that isn't available, you can get their info via:
23 error     npm owner ls todo-backend-client
23 error There is likely additional logging output above.
24 verbose exit [ 1, true ]
